<?xml version="1.0" encoding="UTF-8"?>
<testsuite xmlns:xsi="http://www.w3.org/2001/XMLSchema-instance" xsi:noNamespaceSchemaLocation="https://maven.apache.org/surefire/maven-surefire-plugin/xsd/surefire-test-report.xsd" version="3.0.2" name="com.novatech.tools.InventoryExcelReportTest" time="1.921" tests="1" errors="0" skipped="0" failures="0">
  <properties>
[...]
</properties>
  <testcase name="debeGenerarReporteExcel" classname="com.novatech.tools.InventoryExcelReportTest" time="1.878">
    <system-out><![CDATA[2026-06-11T14:07:58.114755Z main ERROR Log4j API could not find a logging provider.
2026-06-11 09:07:58 INFO  c.n.tools.InventoryExcelReport - Cabecera del reporte creada con 8 columnas
2026-06-11 09:07:58 INFO  c.n.tools.InventoryExcelReport - Se agregaron 3 productos de ejemplo al reporte
]]></system-out>
  </testcase>
</testsuite>